TN:
SF:src\GreetBuilder.js
FN:2,(anonymous_0)
FN:11,(anonymous_1)
FN:17,(anonymous_2)
FN:23,(anonymous_3)
FNF:4
FNH:4
FNDA:6,(anonymous_0)
FNDA:2,(anonymous_1)
FNDA:3,(anonymous_2)
FNDA:3,(anonymous_3)
DA:3,6
DA:4,6
DA:5,6
DA:6,6
DA:11,6
DA:12,2
DA:13,1
DA:17,6
DA:18,3
DA:19,1
DA:25,3
DA:26,2
DA:28,1
DA:33,1
LF:14
LH:14
BRDA:12,0,0,1
BRDA:12,0,1,1
BRDA:18,1,0,1
BRDA:18,1,1,2
BRDA:18,2,0,3
BRDA:18,2,1,2
BRF:6
BRH:6
end_of_record
TN:
SF:src\app.js
FN:16,(anonymous_0)
FNF:1
FNH:1
FNDA:3,(anonymous_0)
DA:1,1
DA:3,1
DA:4,1
DA:5,1
DA:6,1
DA:8,1
DA:10,1
DA:11,1
DA:12,1
DA:16,1
DA:17,3
DA:19,3
DA:20,3
DA:21,3
DA:24,1
DA:26,2
DA:27,1
DA:29,1
DA:34,1
LF:19
LH:19
BRDA:26,0,0,1
BRDA:26,0,1,1
BRF:2
BRH:2
end_of_record
